[nodejs-pipeline] Running shell script
+ npm install
npm ERR! Linux 4.4.0-1060-aws
npm ERR! argv "/usr/local/bin/node" "/usr/local/bin/npm" "install"
npm ERR! node v6.14.2
npm ERR! npm  v3.10.10
npm ERR! path /.npm
npm ERR! code EACCES
npm ERR! errno -13
npm ERR! syscall mkdir

npm ERR! Error: EACCES: permission denied, mkdir '/.npm'
npm ERR!     at Error (native)
npm ERR!  { Error: EACCES: permission denied, mkdir '/.npm'
npm ERR!     at Error (native)
npm ERR!   errno: -13,
npm ERR!   code: 'EACCES',
npm ERR!   syscall: 'mkdir',
npm ERR!   path: '/.npm',
npm ERR!   parent: 'my-app' }
npm ERR! 
npm ERR! Please try running this command again as root/Administrator.

npm ERR! Please include the following file with any support request:
npm ERR!     /var/lib/jenkins/workspace/nodejs-pipeline/npm-debug.log
