[SimpleDemo] Running shell script
+ printenv
JENKINS_HOME=/var/lib/jenkins
MAIL=/var/mail/jenkins
USER=jenkins
RUN_CHANGES_DISPLAY_URL=http://unconfigured-jenkins-location/job/SimpleDemo/44/display/redirect?page=changes
NODE_LABELS=master
SHLVL=1
HOME=/var/lib/jenkins
HUDSON_COOKIE=67aafa26-14d5-4f39-97ef-a2f34c13eabb
JENKINS_SERVER_COOKIE=durable-8a30ec20a3078762fd14d19b8441272e
WORKSPACE=/var/lib/jenkins/workspace/SimpleDemo
LOGNAME=jenkins
NODE_NAME=master
_=/usr/bin/daemon
STAGE_NAME=Example
EXECUTOR_NUMBER=1
XDG_SESSION_ID=c1
BUILD_DISPLAY_NAME=#44
HUDSON_HOME=/var/lib/jenkins
JOB_BASE_NAME=SimpleDemo
PATH=/usr/local/bin:/usr/bin:/bin:/usr/local/games:/usr/games:/snap/bin
BUILD_ID=44
XDG_RUNTIME_DIR=/run/user/112
BUILD_TAG=jenkins-SimpleDemo-44
LANG=en_US.UTF-8
BUILD_NUMBER=44
JENKINS_NODE_COOKIE=542012b1-ef6b-4394-bd28-23e27db38a25
SHELL=/bin/bash
RUN_DISPLAY_URL=http://unconfigured-jenkins-location/job/SimpleDemo/44/display/redirect
HUDSON_SERVER_COOKIE=2c789ac435ded8f3
JOB_DISPLAY_URL=http://unconfigured-jenkins-location/job/SimpleDemo/display/redirect
JOB_NAME=SimpleDemo
PWD=/var/lib/jenkins/workspace/SimpleDemo
XDG_DATA_DIRS=/usr/local/share:/usr/share:/var/lib/snapd/desktop
CC=clang
