[SimpleDemo] Running shell script
+ sudo apt-get install ansible
Reading package lists...
Building dependency tree...Sending interrupt signal to process

Reading state information...
The following package was automatically installed and is no longer required:
  pigz
Use 'sudo apt autoremove' to remove it.
The following additional packages will be installed:
  python-cffi-backend python-crypto python-cryptography python-ecdsa
  python-enum34 python-httplib2 python-idna python-ipaddress python-jinja2
  python-markupsafe python-paramiko python-pkg-resources python-pyasn1
  python-setuptools python-six python-yaml sshpass
Suggested packages:
  python-crypto-dbg python-crypto-doc python-cryptography-doc
  python-cryptography-vectors python-enum34-doc python-jinja2-doc doc-base
  python-setuptools-doc
The following NEW packages will be installed:
  ansible python-cffi-backend python-crypto python-cryptography python-ecdsa
  python-enum34 python-httplib2 python-idna python-ipaddress python-jinja2
  python-markupsafe python-paramiko python-pkg-resources python-pyasn1
  python-setuptools python-six python-yaml sshpass
0 upgraded, 18 newly installed, 0 to remove and 9 not upgraded.
Need to get 0 B/4,523 kB of archives.
After this operation, 34.3 MB of additional disk space will be used.
Do you want to continue? [Y/n] Abort.
